0 0 0 128 10 0 
0 0 0 3 9 0 Federation Name : ARMVirtualBusFederation, Handle : 1(Last modified Mon Apr 24 19:41:27 2017) created. - OK
0 0 0 5 9 0 Federate "producer" joins Federation "ARMVirtualBusFederation"(1)with handle 1. Socket 6 - OK
0 1 1 36 7 0 Subscribe Object Class = 3, # of att. = 11 - OK
0 1 1 8 8 0 ON at time 0 - OK
0 1 1 7 8 0 ON at time 1 - OK
0 0 0 3 9 0 Federation Name : ARMVirtualBusFederation, Handle : 2 - OK
0 0 0 5 9 0 Federate "0" joins Federation "ARMVirtualBusFederation"(1)with handle 2. Socket 7 - OK
0 0 0 3 9 0 Federation Name : ARMVirtualBusFederation, Handle : 3 - OK
0 0 0 5 9 0 Federate "9999" joins Federation "ARMVirtualBusFederation"(1)with handle 3. Socket 8 - OK
0 1 3 11 8 0 Label "ReadyToRun" registered. Tag is "hi!" - OK
0 1 1 14 8 0 Label "ReadyToRun" ended. - OK
0 1 3 14 8 0 Label "ReadyToRun" ended. - OK
0 1 2 14 8 0 Label "ReadyToRun" ended. - OK
0 1 3 7 8 0 ON at time 1 - OK
0 1 2 32 7 0 Publish Object Class = 3, # of att. = 12 - OK
0 1 3 8 8 0 ON at time 0 - OK
0 1 3 32 7 0 Publish Object Class = 3, # of att. = 12 - OK
0 1 3 36 7 0 Subscribe Object Class = 3, # of att. = 12 - OK
0 1 3 42 6 0 Register Object Class = 3 - OK
0 1 2 36 7 0 Subscribe Object Class = 3, # of att. = 12 - OK
0 1 2 42 6 0 Register Object Class = 3 - OK
0 1 1 7 8 0 OFF - OK
0 1 1 6 9 0 Federate 1 resign federation(1) - OK
0 0 0 1 9 0 Socket 6 - OK
0 0 0 128 10 0 
